<?xml version="1.0" encoding="UTF-8"?>
<testsuite name="Selendroid App Test"
           tests="1"
           failures="1"
           errors="0"
           skipped="0"
           time="6.941">
  <properties />
            <testcase name="typeData" time="6.941" classname="testcases.SelendroidScreenTest">
                <failure type="junit.framework.AssertionFailedError"
                  message="(null)"
              >
<![CDATA[junit.framework.AssertionFailedError
  junit.framework.Assert.fail(Assert.java:48)
  junit.framework.Assert.fail(Assert.java:56)
  screens.SelendDroidTestScreen.typeData(SelendDroidTestScreen.java:28)
  testcases.SelendroidScreenTest.typeData(SelendroidScreenTest.java:24)
  sun.reflect.NativeMethodAccessorImpl.invoke0(Native Method)
  sun.reflect.NativeMethodAccessorImpl.invoke(Unknown Source)
  sun.reflect.DelegatingMethodAccessorImpl.invoke(Unknown Source)
  java.lang.reflect.Method.invoke(Unknown Source)
  org.testng.internal.MethodInvocationHelper.invokeMethod(MethodInvocationHelper.java:85)
  org.testng.internal.Invoker.invokeMethod(Invoker.java:639)
  org.testng.internal.Invoker.invokeTestMethod(Invoker.java:821)
  org.testng.internal.Invoker.invokeTestMethods(Invoker.java:1131)
  org.testng.internal.TestMethodWorker.invokeTestMethods(TestMethodWorker.java:124)
  org.testng.internal.TestMethodWorker.run(TestMethodWorker.java:108)
  org.testng.TestRunner.privateRun(TestRunner.java:773)
  org.testng.TestRunner.run(TestRunner.java:623)
  org.testng.SuiteRunner.runTest(SuiteRunner.java:357)
  org.testng.SuiteRunner.runSequentially(SuiteRunner.java:352)
  org.testng.SuiteRunner.privateRun(SuiteRunner.java:310)
  org.testng.SuiteRunner.run(SuiteRunner.java:259)
  org.testng.SuiteRunnerWorker.runSuite(SuiteRunnerWorker.java:52)
  org.testng.SuiteRunnerWorker.run(SuiteRunnerWorker.java:86)
  org.testng.TestNG.runSuitesSequentially(TestNG.java:1185)
  org.testng.TestNG.runSuitesLocally(TestNG.java:1110)
  org.testng.TestNG.run(TestNG.java:1018)
  org.testng.remote.AbstractRemoteTestNG.run(AbstractRemoteTestNG.java:126)
  org.testng.remote.RemoteTestNG.initAndRun(RemoteTestNG.java:137)
  org.testng.remote.RemoteTestNG.main(RemoteTestNG.java:58)
]]>
      </failure>

          </testcase>
  
  
  
</testsuite>
