<?xml version="1.0" encoding="UTF-8"?>
<testsuite name="Selendroid App Test"
           tests="4"
           failures="1"
           errors="0"
           skipped="3"
           time="0.002">
  <properties />
            <testcase name="setUp" time="0.000" classname="testcases.selendroid.SelendroidScreenTest">
                <failure type="org.openqa.selenium.remote.UnreachableBrowserException"
                  message="Could not start a new session. Possible causes are invalid address of the remote server or browser start-up failure.
Build info: version: &apos;2.53.1&apos;, revision: &apos;a36b8b1cd5757287168e54b817830adce9b0158d&apos;, time: &apos;2016-06-30 19:26:09&apos;
System info: host: &apos;DESKTOP-FNF69NB&apos;, ip: &apos;192.168.217.2&apos;, os.name: &apos;Windows 10&apos;, os.arch: &apos;amd64&apos;, os.version: &apos;10.0&apos;, java.version: &apos;1.8.0_77&apos;
Driver info: driver.version: AndroidDriver"
              >
<![CDATA[org.openqa.selenium.remote.UnreachableBrowserException: Could not start a new session. Possible causes are invalid address of the remote server or browser start-up failure.
Build info: version: '2.53.1', revision: 'a36b8b1cd5757287168e54b817830adce9b0158d', time: '2016-06-30 19:26:09'
System info: host: 'DESKTOP-FNF69NB', ip: '192.168.217.2', os.name: 'Windows 10', os.arch: 'amd64', os.version: '10.0', java.version: '1.8.0_77'
Driver info: driver.version: AndroidDriver
  org.openqa.selenium.remote.RemoteWebDriver.execute(RemoteWebDriver.java:665)
  io.appium.java_client.DefaultGenericMobileDriver.execute(DefaultGenericMobileDriver.java:40)
  io.appium.java_client.AppiumDriver.execute(AppiumDriver.java:1)
  io.appium.java_client.android.AndroidDriver.execute(AndroidDriver.java:1)
  org.openqa.selenium.remote.RemoteWebDriver.startSession(RemoteWebDriver.java:249)
  org.openqa.selenium.remote.RemoteWebDriver.<init>(RemoteWebDriver.java:131)
  org.openqa.selenium.remote.RemoteWebDriver.<init>(RemoteWebDriver.java:144)
  io.appium.java_client.DefaultGenericMobileDriver.<init>(DefaultGenericMobileDriver.java:36)
  io.appium.java_client.AppiumDriver.<init>(AppiumDriver.java:114)
  io.appium.java_client.AppiumDriver.<init>(AppiumDriver.java:132)
  io.appium.java_client.android.AndroidDriver.<init>(AndroidDriver.java:92)
  utility.CommonUtils.getAndroidDriver(CommonUtils.java:98)
  base.TestBase.setUp(TestBase.java:46)
  sun.reflect.NativeMethodAccessorImpl.invoke0(Native Method)
  sun.reflect.NativeMethodAccessorImpl.invoke(Unknown Source)
  sun.reflect.DelegatingMethodAccessorImpl.invoke(Unknown Source)
  java.lang.reflect.Method.invoke(Unknown Source)
  org.testng.internal.MethodInvocationHelper.invokeMethod(MethodInvocationHelper.java:85)
  org.testng.internal.Invoker.invokeConfigurationMethod(Invoker.java:510)
  org.testng.internal.Invoker.invokeConfigurations(Invoker.java:211)
  org.testng.internal.Invoker.invokeConfigurations(Invoker.java:138)
  org.testng.SuiteRunner.privateRun(SuiteRunner.java:296)
  org.testng.SuiteRunner.run(SuiteRunner.java:259)
  org.testng.SuiteRunnerWorker.runSuite(SuiteRunnerWorker.java:52)
  org.testng.SuiteRunnerWorker.run(SuiteRunnerWorker.java:86)
  org.testng.TestNG.runSuitesSequentially(TestNG.java:1185)
  org.testng.TestNG.runSuitesLocally(TestNG.java:1110)
  org.testng.TestNG.run(TestNG.java:1018)
  org.testng.remote.AbstractRemoteTestNG.run(AbstractRemoteTestNG.java:126)
  org.testng.remote.RemoteTestNG.initAndRun(RemoteTestNG.java:137)
  org.testng.remote.RemoteTestNG.main(RemoteTestNG.java:58)
Caused by: org.openqa.selenium.WebDriverException: org.apache.http.conn.HttpHostConnectException: Connect to localhost:4723 [localhost/127.0.0.1, localhost/0:0:0:0:0:0:0:1] failed: Connection refused: connect
Build info: version: '2.53.1', revision: 'a36b8b1cd5757287168e54b817830adce9b0158d', time: '2016-06-30 19:26:09'
System info: host: 'DESKTOP-FNF69NB', ip: '192.168.217.2', os.name: 'Windows 10', os.arch: 'amd64', os.version: '10.0', java.version: '1.8.0_77'
Driver info: driver.version: AndroidDriver
  io.appium.java_client.remote.AppiumCommandExecutor.execute(AppiumCommandExecutor.java:84)
  org.openqa.selenium.remote.RemoteWebDriver.execute(RemoteWebDriver.java:644)
  io.appium.java_client.DefaultGenericMobileDriver.execute(DefaultGenericMobileDriver.java:40)
  io.appium.java_client.AppiumDriver.execute(AppiumDriver.java:1)
  io.appium.java_client.android.AndroidDriver.execute(AndroidDriver.java:1)
  org.openqa.selenium.remote.RemoteWebDriver.startSession(RemoteWebDriver.java:249)
  org.openqa.selenium.remote.RemoteWebDriver.<init>(RemoteWebDriver.java:131)
  org.openqa.selenium.remote.RemoteWebDriver.<init>(RemoteWebDriver.java:144)
  io.appium.java_client.DefaultGenericMobileDriver.<init>(DefaultGenericMobileDriver.java:36)
  io.appium.java_client.AppiumDriver.<init>(AppiumDriver.java:114)
  io.appium.java_client.AppiumDriver.<init>(AppiumDriver.java:132)
  io.appium.java_client.android.AndroidDriver.<init>(AndroidDriver.java:92)
  utility.CommonUtils.getAndroidDriver(CommonUtils.java:98)
  base.TestBase.setUp(TestBase.java:46)
  sun.reflect.NativeMethodAccessorImpl.invoke0(Native Method)
  sun.reflect.NativeMethodAccessorImpl.invoke(Unknown Source)
  sun.reflect.DelegatingMethodAccessorImpl.invoke(Unknown Source)
  java.lang.reflect.Method.invoke(Unknown Source)
  org.testng.internal.MethodInvocationHelper.invokeMethod(MethodInvocationHelper.java:85)
  org.testng.internal.Invoker.invokeConfigurationMethod(Invoker.java:510)
  org.testng.internal.Invoker.invokeConfigurations(Invoker.java:211)
  org.testng.internal.Invoker.invokeConfigurations(Invoker.java:138)
  org.testng.SuiteRunner.privateRun(SuiteRunner.java:296)
  org.testng.SuiteRunner.run(SuiteRunner.java:259)
  org.testng.SuiteRunnerWorker.runSuite(SuiteRunnerWorker.java:52)
  org.testng.SuiteRunnerWorker.run(SuiteRunnerWorker.java:86)
  org.testng.TestNG.runSuitesSequentially(TestNG.java:1185)
  org.testng.TestNG.runSuitesLocally(TestNG.java:1110)
  org.testng.TestNG.run(TestNG.java:1018)
  org.testng.remote.AbstractRemoteTestNG.run(AbstractRemoteTestNG.java:126)
  org.testng.remote.RemoteTestNG.initAndRun(RemoteTestNG.java:137)
  org.testng.remote.RemoteTestNG.main(RemoteTestNG.java:58)
Caused by: org.apache.http.conn.HttpHostConnectException: Connect to localhost:4723 [localhost/127.0.0.1, localhost/0:0:0:0:0:0:0:1] failed: Connection refused: connect
  org.apache.http.impl.conn.DefaultHttpClientConnectionOperator.connect(DefaultHttpClientConnectionOperator.java:158)
  org.apache.http.impl.conn.PoolingHttpClientConnectionManager.connect(PoolingHttpClientConnectionManager.java:353)
  org.apache.http.impl.execchain.MainClientExec.establishRoute(MainClientExec.java:380)
  org.apache.http.impl.execchain.MainClientExec.execute(MainClientExec.java:236)
  org.apache.http.impl.execchain.ProtocolExec.execute(ProtocolExec.java:184)
  org.apache.http.impl.execchain.RetryExec.execute(RetryExec.java:88)
  org.apache.http.impl.execchain.RedirectExec.execute(RedirectExec.java:110)
  org.apache.http.impl.client.InternalHttpClient.doExecute(InternalHttpClient.java:184)
  org.apache.http.impl.client.CloseableHttpClient.execute(CloseableHttpClient.java:71)
  org.apache.http.impl.client.CloseableHttpClient.execute(CloseableHttpClient.java:55)
  org.openqa.selenium.remote.internal.ApacheHttpClient.fallBackExecute(ApacheHttpClient.java:144)
  org.openqa.selenium.remote.internal.ApacheHttpClient.execute(ApacheHttpClient.java:90)
  org.openqa.selenium.remote.HttpCommandExecutor.execute(HttpCommandExecutor.java:142)
  io.appium.java_client.remote.AppiumCommandExecutor.execute(AppiumCommandExecutor.java:69)
  org.openqa.selenium.remote.RemoteWebDriver.execute(RemoteWebDriver.java:644)
  io.appium.java_client.DefaultGenericMobileDriver.execute(DefaultGenericMobileDriver.java:40)
  io.appium.java_client.AppiumDriver.execute(AppiumDriver.java:1)
  io.appium.java_client.android.AndroidDriver.execute(AndroidDriver.java:1)
  org.openqa.selenium.remote.RemoteWebDriver.startSession(RemoteWebDriver.java:249)
  org.openqa.selenium.remote.RemoteWebDriver.<init>(RemoteWebDriver.java:131)
  org.openqa.selenium.remote.RemoteWebDriver.<init>(RemoteWebDriver.java:144)
  io.appium.java_client.DefaultGenericMobileDriver.<init>(DefaultGenericMobileDriver.java:36)
  io.appium.java_client.AppiumDriver.<init>(AppiumDriver.java:114)
  io.appium.java_client.AppiumDriver.<init>(AppiumDriver.java:132)
  io.appium.java_client.android.AndroidDriver.<init>(AndroidDriver.java:92)
  utility.CommonUtils.getAndroidDriver(CommonUtils.java:98)
  base.TestBase.setUp(TestBase.java:46)
  sun.reflect.NativeMethodAccessorImpl.invoke0(Native Method)
  sun.reflect.NativeMethodAccessorImpl.invoke(Unknown Source)
  sun.reflect.DelegatingMethodAccessorImpl.invoke(Unknown Source)
  java.lang.reflect.Method.invoke(Unknown Source)
  org.testng.internal.MethodInvocationHelper.invokeMethod(MethodInvocationHelper.java:85)
  org.testng.internal.Invoker.invokeConfigurationMethod(Invoker.java:510)
  org.testng.internal.Invoker.invokeConfigurations(Invoker.java:211)
  org.testng.internal.Invoker.invokeConfigurations(Invoker.java:138)
  org.testng.SuiteRunner.privateRun(SuiteRunner.java:296)
  org.testng.SuiteRunner.run(SuiteRunner.java:259)
  org.testng.SuiteRunnerWorker.runSuite(SuiteRunnerWorker.java:52)
  org.testng.SuiteRunnerWorker.run(SuiteRunnerWorker.java:86)
  org.testng.TestNG.runSuitesSequentially(TestNG.java:1185)
  org.testng.TestNG.runSuitesLocally(TestNG.java:1110)
  org.testng.TestNG.run(TestNG.java:1018)
  org.testng.remote.AbstractRemoteTestNG.run(AbstractRemoteTestNG.java:126)
  org.testng.remote.RemoteTestNG.initAndRun(RemoteTestNG.java:137)
  org.testng.remote.RemoteTestNG.main(RemoteTestNG.java:58)
Caused by: java.net.ConnectException: Connection refused: connect
  java.net.DualStackPlainSocketImpl.waitForConnect(Native Method)
  java.net.DualStackPlainSocketImpl.socketConnect(Unknown Source)
  java.net.AbstractPlainSocketImpl.doConnect(Unknown Source)
  java.net.AbstractPlainSocketImpl.connectToAddress(Unknown Source)
  java.net.AbstractPlainSocketImpl.connect(Unknown Source)
  java.net.PlainSocketImpl.connect(Unknown Source)
  java.net.SocksSocketImpl.connect(Unknown Source)
  java.net.Socket.connect(Unknown Source)
  org.apache.http.conn.socket.PlainConnectionSocketFactory.connectSocket(PlainConnectionSocketFactory.java:74)
  org.apache.http.impl.conn.DefaultHttpClientConnectionOperator.connect(DefaultHttpClientConnectionOperator.java:141)
  org.apache.http.impl.conn.PoolingHttpClientConnectionManager.connect(PoolingHttpClientConnectionManager.java:353)
  org.apache.http.impl.execchain.MainClientExec.establishRoute(MainClientExec.java:380)
  org.apache.http.impl.execchain.MainClientExec.execute(MainClientExec.java:236)
  org.apache.http.impl.execchain.ProtocolExec.execute(ProtocolExec.java:184)
  org.apache.http.impl.execchain.RetryExec.execute(RetryExec.java:88)
  org.apache.http.impl.execchain.RedirectExec.execute(RedirectExec.java:110)
  org.apache.http.impl.client.InternalHttpClient.doExecute(InternalHttpClient.java:184)
  org.apache.http.impl.client.CloseableHttpClient.execute(CloseableHttpClient.java:71)
  org.apache.http.impl.client.CloseableHttpClient.execute(CloseableHttpClient.java:55)
  org.openqa.selenium.remote.internal.ApacheHttpClient.fallBackExecute(ApacheHttpClient.java:144)
  org.openqa.selenium.remote.internal.ApacheHttpClient.execute(ApacheHttpClient.java:90)
  org.openqa.selenium.remote.HttpCommandExecutor.execute(HttpCommandExecutor.java:142)
  io.appium.java_client.remote.AppiumCommandExecutor.execute(AppiumCommandExecutor.java:69)
  org.openqa.selenium.remote.RemoteWebDriver.execute(RemoteWebDriver.java:644)
  io.appium.java_client.DefaultGenericMobileDriver.execute(DefaultGenericMobileDriver.java:40)
  io.appium.java_client.AppiumDriver.execute(AppiumDriver.java:1)
  io.appium.java_client.android.AndroidDriver.execute(AndroidDriver.java:1)
  org.openqa.selenium.remote.RemoteWebDriver.startSession(RemoteWebDriver.java:249)
  org.openqa.selenium.remote.RemoteWebDriver.<init>(RemoteWebDriver.java:131)
  org.openqa.selenium.remote.RemoteWebDriver.<init>(RemoteWebDriver.java:144)
  io.appium.java_client.DefaultGenericMobileDriver.<init>(DefaultGenericMobileDriver.java:36)
  io.appium.java_client.AppiumDriver.<init>(AppiumDriver.java:114)
  io.appium.java_client.AppiumDriver.<init>(AppiumDriver.java:132)
  io.appium.java_client.android.AndroidDriver.<init>(AndroidDriver.java:92)
  utility.CommonUtils.getAndroidDriver(CommonUtils.java:98)
  base.TestBase.setUp(TestBase.java:46)
  sun.reflect.NativeMethodAccessorImpl.invoke0(Native Method)
  sun.reflect.NativeMethodAccessorImpl.invoke(Unknown Source)
  sun.reflect.DelegatingMethodAccessorImpl.invoke(Unknown Source)
  java.lang.reflect.Method.invoke(Unknown Source)
  org.testng.internal.MethodInvocationHelper.invokeMethod(MethodInvocationHelper.java:85)
  org.testng.internal.Invoker.invokeConfigurationMethod(Invoker.java:510)
  org.testng.internal.Invoker.invokeConfigurations(Invoker.java:211)
  org.testng.internal.Invoker.invokeConfigurations(Invoker.java:138)
  org.testng.SuiteRunner.privateRun(SuiteRunner.java:296)
  org.testng.SuiteRunner.run(SuiteRunner.java:259)
  org.testng.SuiteRunnerWorker.runSuite(SuiteRunnerWorker.java:52)
  org.testng.SuiteRunnerWorker.run(SuiteRunnerWorker.java:86)
  org.testng.TestNG.runSuitesSequentially(TestNG.java:1185)
  org.testng.TestNG.runSuitesLocally(TestNG.java:1110)
  org.testng.TestNG.run(TestNG.java:1018)
  org.testng.remote.AbstractRemoteTestNG.run(AbstractRemoteTestNG.java:126)
  org.testng.remote.RemoteTestNG.initAndRun(RemoteTestNG.java:137)
  org.testng.remote.RemoteTestNG.main(RemoteTestNG.java:58)
]]>
      </failure>

          </testcase>
  
            <testcase name="init" time="0.0" classname="testcases.selendroid.SelendroidScreenTest">
          <skipped />
    </testcase>
            <testcase name="tearDown" time="0.0" classname="testcases.selendroid.SelendroidScreenTest">
          <skipped />
    </testcase>
            <testcase name="typeData" time="0.0" classname="testcases.selendroid.SelendroidScreenTest">
          <skipped />
    </testcase>
  
  
</testsuite>
